{"numTotalTestSuites":2,"numPassedTestSuites":2,"numFailedTestSuites":0,"numPendingTestSuites":0,"numTotalTests":14,"numPassedTests":1,"numFailedTests":0,"numPendingTests":13,"numTodoTests":0,"snapshot":{"added":0,"failure":false,"filesAdded":0,"filesRemoved":0,"filesRemovedList":[],"filesUnmatched":0,"filesUpdated":0,"matched":0,"total":0,"unchecked":0,"uncheckedKeysByFile":[],"unmatched":0,"updated":0,"didUpdate":false},"startTime":1781166963435,"success":true,"testResults":[{"assertionResults":[{"ancestorTitles":["App"],"fullName":"App renders fail-closed Node route loader and evidence fixture index","status":"skipped","title":"renders fail-closed Node route loader and evidence fixture index","failureMessages":[],"meta":{},"tags":[]},{"ancestorTitles":["App"],"fullName":"App submits route inputs through the workstation API query contract","status":"skipped","title":"submits route inputs through the workstation API query contract","failureMessages":[],"meta":{},"tags":[]},{"ancestorTitles":["App"],"fullName":"App renders Robot Control V1 by default with Robot API proxy and locked command boundary","status":"passed","title":"renders Robot Control V1 by default with Robot API proxy and locked command boundary","duration":171.6742079999999,"failureMessages":[],"meta":{},"tags":[]},{"ancestorTitles":["App"],"fullName":"App submits operator report material from advanced diagnostics without leaking it to the first screen","status":"skipped","title":"submits operator report material from advanced diagnostics without leaking it to the first screen","failureMessages":[],"meta":{},"tags":[]},{"ancestorTitles":["App"],"fullName":"App refreshes radar and map proof through fixed POST proxies and auto refreshes the summary","status":"skipped","title":"refreshes radar and map proof through fixed POST proxies and auto refreshes the summary","failureMessages":[],"meta":{},"tags":[]},{"ancestorTitles":["App"],"fullName":"App starts and stops Camera Preview through workstation camera proxy while keeping control locked","status":"skipped","title":"starts and stops Camera Preview through workstation camera proxy while keeping control locked","failureMessages":[],"meta":{},"tags":[]},{"ancestorTitles":["App"],"fullName":"App marks near-black preview as 画面偏暗 instead of optimistic 已打开","status":"skipped","title":"marks near-black preview as 画面偏暗 instead of optimistic 已打开","failureMessages":[],"meta":{},"tags":[]},{"ancestorTitles":["App"],"fullName":"App keeps failure status after Start Preview fails instead of collapsing to stopped_by_user","status":"skipped","title":"keeps failure status after Start Preview fails instead of collapsing to stopped_by_user","failureMessages":[],"meta":{},"tags":[]},{"ancestorTitles":["App"],"fullName":"App renders hardware material coverage with fail-closed copy","status":"skipped","title":"renders hardware material coverage with fail-closed copy","failureMessages":[],"meta":{},"tags":[]},{"ancestorTitles":["App"],"fullName":"App renders dataset inventory without pipeline control semantics","status":"skipped","title":"renders dataset inventory without pipeline control semantics","failureMessages":[],"meta":{},"tags":[]},{"ancestorTitles":["App"],"fullName":"App renders O7 operator console as cloud-contract observe-only surface","status":"skipped","title":"renders O7 operator console as cloud-contract observe-only surface","failureMessages":[],"meta":{},"tags":[]},{"ancestorTitles":["App"],"fullName":"App loads O7 fixture previews through PC-only read-only API clients","status":"skipped","title":"loads O7 fixture previews through PC-only read-only API clients","failureMessages":[],"meta":{},"tags":[]},{"ancestorTitles":["App"],"fullName":"App loads field evidence consumer ingest from manifest and route/labeling fixtures","status":"skipped","title":"loads field evidence consumer ingest from manifest and route/labeling fixtures","failureMessages":[],"meta":{},"tags":[]},{"ancestorTitles":["App"],"fullName":"App blocks consumer-detail labeling queue primary path when labeling samples are missing","status":"skipped","title":"blocks consumer-detail labeling queue primary path when labeling samples are missing","failureMessages":[],"meta":{},"tags":[]}],"startTime":1781166967409,"endTime":1781166967580.6743,"status":"passed","message":"","name":"/Users/m1/apps/rober/pc-tools/workstation/test/App.test.ts"}]}